Detecting compiler hash for triplet x64-windows...
Compiler found: C:/Program Files/Microsoft Visual Studio/18/Community/VC/Tools/MSVC/14.50.35717/bin/Hostx64/x64/cl.exe
The following packages are already installed:
  * brotli:x64-windows@1.1.0#1 -- git+https://github.com/microsoft/vcpkg@4e5b5ae1ad26c80535c893cc0307121f0398549e
  * bzip2[core,tool]:x64-windows@1.0.8#6 -- git+https://github.com/microsoft/vcpkg@2d029da682847c5ebdc54e4dbea001331a02207e
  * dirent:x64-windows@1.24 -- git+https://github.com/microsoft/vcpkg@bcace8750d2b6080c63877eed432f8b862501012
  * egl-registry:x64-windows@2024-01-25 -- git+https://github.com/microsoft/vcpkg@d883db43133dd223c4ffdbef4193943f6784d43a
  * expat:x64-windows@2.6.4 -- git+https://github.com/microsoft/vcpkg@97dd7e516104f330e1bb5eafff10852211dbd2df
    fltk[core,opengl]:x64-windows@1.3.9#1 -- git+https://github.com/microsoft/vcpkg@804b0353b1336322af99c478f62a824a0cabd456
  * fontconfig:x64-windows@2.15.0#1 -- git+https://github.com/microsoft/vcpkg@443f2cc8005cd715e8786521c1c2cd990a1320a8
  * freetype[brotli,bzip2,core,png,zlib]:x64-windows@2.13.3 -- git+https://github.com/microsoft/vcpkg@8a2c633dcc14eaabdb31cf4637242f4e3c2f3fa2
  * getopt:x64-windows@0#3 -- git+https://github.com/microsoft/vcpkg@ba541c1ce4012fae6dfdf34021b03d7253235b24
  * getopt-win32:x64-windows@1.1.0.20220925 -- git+https://github.com/microsoft/vcpkg@d735f424134507a2d87a4ab6d5a8d768ca555dbc
  * gettext:x64-windows@0.22.5#1 -- git+https://github.com/microsoft/vcpkg@1c1122632dae7ab9078655ee52e41c415ee4cfb4
  * gettext-libintl:x64-windows@0.22.5#2 -- git+https://github.com/microsoft/vcpkg@f41e983c85004eb6ee8d290ecb2465832fce8c00
  * gperf:x64-windows@3.1#6 -- git+https://github.com/microsoft/vcpkg@590e19515bff5b0abc6d9f73ba20a19a71555a32
  * libiconv:x64-windows@1.17#5 -- git+https://github.com/microsoft/vcpkg@22817264465e37fbbde994c614aae7d07bc727c0
  * libjpeg-turbo:x64-windows@3.0.4 -- git+https://github.com/microsoft/vcpkg@fbedc8ef954f9951c7d169c9bac3f9534b4b2c77
  * libpng:x64-windows@1.6.44 -- git+https://github.com/microsoft/vcpkg@bda480fe3c3cef1113fe8bfdecda127a5b3b2a77
  * opengl:x64-windows@2022-12-04#3 -- git+https://github.com/microsoft/vcpkg@c3ae71738f88449ebcd781cef60d9a253fa091d4
  * opengl-registry:x64-windows@2024-02-10#1 -- git+https://github.com/microsoft/vcpkg@22f7aa58ee78c9f0db904b6251e9265f2be26f9d
  * pthread:x64-windows@3.0.0#2 -- git+https://github.com/microsoft/vcpkg@e32a8cb12153277234e7c7e04322bdf90580659a
  * pthreads:x64-windows@3.0.0#14 -- git+https://github.com/microsoft/vcpkg@2e0a6df2800d3677b941dc6504f083965b7886d9
  * vcpkg-cmake:x64-windows@2024-04-23 -- git+https://github.com/microsoft/vcpkg@e74aa1e8f93278a8e71372f1fa08c3df420eb840
  * vcpkg-cmake-config:x64-windows@2024-05-23 -- git+https://github.com/microsoft/vcpkg@97a63e4bc1a17422ffe4eff71da53b4b561a7841
  * vcpkg-cmake-get-vars:x64-windows@2024-09-22 -- git+https://github.com/microsoft/vcpkg@f23148add155147f3d95ae622d3b0031beb25acf
  * vcpkg-tool-meson:x64-windows@1.6.0 -- git+https://github.com/microsoft/vcpkg@ba86563d438bbe6692c2b13df4235755ba135cbc
  * zlib:x64-windows@1.3.1 -- git+https://github.com/microsoft/vcpkg@3f05e04b9aededb96786a911a16193cdb711f0c9
fltk provides CMake targets:

  # this is heuristically generated, and may not be correct
  find_package(FLTK CONFIG REQUIRED)
  target_link_libraries(main PRIVATE fltk fltk_gl fltk_forms fltk_images)

All requested installations completed successfully in: 908 us
